{"C:\\Users\\pewpew\\Desktop\\H8 Nando p3\\Gaming-Go\\Backend\\server\\services\\app\\app.js": {"path":"C:\\Users\\pewpew\\Desktop\\H8 Nando p3\\Gaming-Go\\Backend\\server\\services\\app\\app.js","statementMap":{"0":{"start":{"line":1,"column":0},"end":{"line":3,"column":1}},"1":{"start":{"line":2,"column":2},"end":{"line":2,"column":29}},"2":{"start":{"line":5,"column":16},"end":{"line":5,"column":34}},"3":{"start":{"line":6,"column":12},"end":{"line":6,"column":21}},"4":{"start":{"line":7,"column":13},"end":{"line":7,"column":37}},"5":{"start":{"line":8,"column":13},"end":{"line":8,"column":28}},"6":{"start":{"line":9,"column":15},"end":{"line":9,"column":34}},"7":{"start":{"line":11,"column":0},"end":{"line":11,"column":16}},"8":{"start":{"line":12,"column":0},"end":{"line":12,"column":49}},"9":{"start":{"line":13,"column":0},"end":{"line":13,"column":24}},"10":{"start":{"line":15,"column":0},"end":{"line":15,"column":16}},"11":{"start":{"line":21,"column":0},"end":{"line":21,"column":21}}},"fnMap":{},"branchMap":{"0":{"loc":{"start":{"line":1,"column":0},"end":{"line":3,"column":1}},"type":"if","locations":[{"start":{"line":1,"column":0},"end":{"line":3,"column":1}},{"start":{},"end":{}}],"line":1},"1":{"loc":{"start":{"line":7,"column":13},"end":{"line":7,"column":37}},"type":"binary-expr","locations":[{"start":{"line":7,"column":13},"end":{"line":7,"column":29}},{"start":{"line":7,"column":33},"end":{"line":7,"column":37}}],"line":7}},"s":{"0":2,"1":2,"2":2,"3":2,"4":2,"5":2,"6":2,"7":2,"8":2,"9":2,"10":2,"11":2},"f":{},"b":{"0":[2,0],"1":[2,2]},"_coverageSchema":"1a1c01bbd47fc00a2c39e90264f33305004495a9","hash":"05a5bba9533a66baa1bfab86ded287d250b47b1c"}
,"C:\\Users\\pewpew\\Desktop\\H8 Nando p3\\Gaming-Go\\Backend\\server\\services\\app\\controllers\\admin.js": {"path":"C:\\Users\\pewpew\\Desktop\\H8 Nando p3\\Gaming-Go\\Backend\\server\\services\\app\\controllers\\admin.js","statementMap":{"0":{"start":{"line":1,"column":17},"end":{"line":1,"column":37}},"1":{"start":{"line":2,"column":22},"end":{"line":2,"column":47}},"2":{"start":{"line":3,"column":28},"end":{"line":3,"column":56}},"3":{"start":{"line":4,"column":15},"end":{"line":4,"column":35}},"4":{"start":{"line":7,"column":4},"end":{"line":19,"column":5}},"5":{"start":{"line":8,"column":34},"end":{"line":8,"column":42}},"6":{"start":{"line":9,"column":22},"end":{"line":9,"column":75}},"7":{"start":{"line":11,"column":6},"end":{"line":11,"column":89}},"8":{"start":{"line":14,"column":6},"end":{"line":17,"column":7}},"9":{"start":{"line":15,"column":8},"end":{"line":15,"column":67}},"10":{"start":{"line":16,"column":8},"end":{"line":16,"column":15}},"11":{"start":{"line":18,"column":6},"end":{"line":18,"column":65}},"12":{"start":{"line":23,"column":4},"end":{"line":52,"column":5}},"13":{"start":{"line":25,"column":34},"end":{"line":25,"column":42}},"14":{"start":{"line":26,"column":6},"end":{"line":26,"column":48}},"15":{"start":{"line":26,"column":18},"end":{"line":26,"column":48}},"16":{"start":{"line":27,"column":6},"end":{"line":27,"column":54}},"17":{"start":{"line":27,"column":21},"end":{"line":27,"column":54}},"18":{"start":{"line":29,"column":23},"end":{"line":29,"column":63}},"19":{"start":{"line":30,"column":6},"end":{"line":30,"column":47}},"20":{"start":{"line":30,"column":21},"end":{"line":30,"column":47}},"21":{"start":{"line":32,"column":20},"end":{"line":32,"column":64}},"22":{"start":{"line":33,"column":6},"end":{"line":33,"column":44}},"23":{"start":{"line":33,"column":18},"end":{"line":33,"column":44}},"24":{"start":{"line":35,"column":27},"end":{"line":35,"column":57}},"25":{"start":{"line":36,"column":6},"end":{"line":36,"column":45}},"26":{"start":{"line":39,"column":6},"end":{"line":42,"column":7}},"27":{"start":{"line":40,"column":8},"end":{"line":40,"column":63}},"28":{"start":{"line":41,"column":8},"end":{"line":41,"column":15}},"29":{"start":{"line":43,"column":6},"end":{"line":46,"column":7}},"30":{"start":{"line":44,"column":8},"end":{"line":44,"column":66}},"31":{"start":{"line":45,"column":8},"end":{"line":45,"column":15}},"32":{"start":{"line":47,"column":6},"end":{"line":50,"column":7}},"33":{"start":{"line":48,"column":8},"end":{"line":48,"column":68}},"34":{"start":{"line":49,"column":8},"end":{"line":49,"column":15}},"35":{"start":{"line":51,"column":6},"end":{"line":51,"column":65}},"36":{"start":{"line":56,"column":4},"end":{"line":62,"column":5}},"37":{"start":{"line":57,"column":19},"end":{"line":57,"column":127}},"38":{"start":{"line":59,"column":6},"end":{"line":59,"column":33}},"39":{"start":{"line":61,"column":6},"end":{"line":61,"column":65}},"40":{"start":{"line":66,"column":4},"end":{"line":78,"column":5}},"41":{"start":{"line":67,"column":21},"end":{"line":67,"column":31}},"42":{"start":{"line":68,"column":19},"end":{"line":68,"column":85}},"43":{"start":{"line":69,"column":6},"end":{"line":69,"column":39}},"44":{"start":{"line":69,"column":17},"end":{"line":69,"column":39}},"45":{"start":{"line":71,"column":6},"end":{"line":71,"column":33}},"46":{"start":{"line":73,"column":6},"end":{"line":76,"column":7}},"47":{"start":{"line":74,"column":8},"end":{"line":74,"column":55}},"48":{"start":{"line":75,"column":8},"end":{"line":75,"column":15}},"49":{"start":{"line":77,"column":6},"end":{"line":77,"column":65}},"50":{"start":{"line":82,"column":4},"end":{"line":90,"column":5}},"51":{"start":{"line":84,"column":21},"end":{"line":84,"column":31}},"52":{"start":{"line":86,"column":6},"end":{"line":86,"column":63}},"53":{"start":{"line":87,"column":6},"end":{"line":87,"column":66}},"54":{"start":{"line":89,"column":6},"end":{"line":89,"column":65}},"55":{"start":{"line":94,"column":0},"end":{"line":94,"column":29}}},"fnMap":{"0":{"name":"(anonymous_0)","decl":{"start":{"line":6,"column":2},"end":{"line":6,"column":3}},"loc":{"start":{"line":6,"column":34},"end":{"line":20,"column":3}},"line":6},"1":{"name":"(anonymous_1)","decl":{"start":{"line":22,"column":2},"end":{"line":22,"column":3}},"loc":{"start":{"line":22,"column":31},"end":{"line":53,"column":3}},"line":22},"2":{"name":"(anonymous_2)","decl":{"start":{"line":55,"column":2},"end":{"line":55,"column":3}},"loc":{"start":{"line":55,"column":36},"end":{"line":63,"column":3}},"line":55},"3":{"name":"(anonymous_3)","decl":{"start":{"line":65,"column":2},"end":{"line":65,"column":3}},"loc":{"start":{"line":65,"column":39},"end":{"line":79,"column":3}},"line":65},"4":{"name":"(anonymous_4)","decl":{"start":{"line":81,"column":2},"end":{"line":81,"column":3}},"loc":{"start":{"line":81,"column":36},"end":{"line":91,"column":3}},"line":81}},"branchMap":{"0":{"loc":{"start":{"line":14,"column":6},"end":{"line":17,"column":7}},"type":"if","locations":[{"start":{"line":14,"column":6},"end":{"line":17,"column":7}},{"start":{},"end":{}}],"line":14},"1":{"loc":{"start":{"line":14,"column":10},"end":{"line":14,"column":100}},"type":"binary-expr","locations":[{"start":{"line":14,"column":10},"end":{"line":14,"column":56}},{"start":{"line":14,"column":60},"end":{"line":14,"column":100}}],"line":14},"2":{"loc":{"start":{"line":26,"column":6},"end":{"line":26,"column":48}},"type":"if","locations":[{"start":{"line":26,"column":6},"end":{"line":26,"column":48}},{"start":{},"end":{}}],"line":26},"3":{"loc":{"start":{"line":27,"column":6},"end":{"line":27,"column":54}},"type":"if","locations":[{"start":{"line":27,"column":6},"end":{"line":27,"column":54}},{"start":{},"end":{}}],"line":27},"4":{"loc":{"start":{"line":30,"column":6},"end":{"line":30,"column":47}},"type":"if","locations":[{"start":{"line":30,"column":6},"end":{"line":30,"column":47}},{"start":{},"end":{}}],"line":30},"5":{"loc":{"start":{"line":33,"column":6},"end":{"line":33,"column":44}},"type":"if","locations":[{"start":{"line":33,"column":6},"end":{"line":33,"column":44}},{"start":{},"end":{}}],"line":33},"6":{"loc":{"start":{"line":39,"column":6},"end":{"line":42,"column":7}},"type":"if","locations":[{"start":{"line":39,"column":6},"end":{"line":42,"column":7}},{"start":{},"end":{}}],"line":39},"7":{"loc":{"start":{"line":43,"column":6},"end":{"line":46,"column":7}},"type":"if","locations":[{"start":{"line":43,"column":6},"end":{"line":46,"column":7}},{"start":{},"end":{}}],"line":43},"8":{"loc":{"start":{"line":47,"column":6},"end":{"line":50,"column":7}},"type":"if","locations":[{"start":{"line":47,"column":6},"end":{"line":50,"column":7}},{"start":{},"end":{}}],"line":47},"9":{"loc":{"start":{"line":69,"column":6},"end":{"line":69,"column":39}},"type":"if","locations":[{"start":{"line":69,"column":6},"end":{"line":69,"column":39}},{"start":{},"end":{}}],"line":69},"10":{"loc":{"start":{"line":73,"column":6},"end":{"line":76,"column":7}},"type":"if","locations":[{"start":{"line":73,"column":6},"end":{"line":76,"column":7}},{"start":{},"end":{}}],"line":73}},"s":{"0":2,"1":2,"2":2,"3":2,"4":6,"5":6,"6":6,"7":1,"8":5,"9":4,"10":4,"11":1,"12":5,"13":5,"14":5,"15":1,"16":4,"17":1,"18":3,"19":3,"20":1,"21":2,"22":1,"23":0,"24":1,"25":1,"26":4,"27":1,"28":1,"29":3,"30":1,"31":1,"32":2,"33":1,"34":1,"35":1,"36":2,"37":2,"38":1,"39":1,"40":3,"41":3,"42":3,"43":2,"44":1,"45":1,"46":2,"47":1,"48":1,"49":1,"50":2,"51":2,"52":2,"53":1,"54":1,"55":2},"f":{"0":6,"1":5,"2":2,"3":3,"4":2},"b":{"0":[4,1],"1":[5,4],"2":[1,4],"3":[1,3],"4":[1,2],"5":[0,1],"6":[1,3],"7":[1,2],"8":[1,1],"9":[1,1],"10":[1,1]},"_coverageSchema":"1a1c01bbd47fc00a2c39e90264f33305004495a9","hash":"03bb55aa247777f270b916f03d23515342b5a19f"}
,"C:\\Users\\pewpew\\Desktop\\H8 Nando p3\\Gaming-Go\\Backend\\server\\services\\app\\controllers\\index.js": {"path":"C:\\Users\\pewpew\\Desktop\\H8 Nando p3\\Gaming-Go\\Backend\\server\\services\\app\\controllers\\index.js","statementMap":{"0":{"start":{"line":1,"column":78},"end":{"line":1,"column":98}},"1":{"start":{"line":2,"column":22},"end":{"line":2,"column":47}},"2":{"start":{"line":3,"column":28},"end":{"line":3,"column":56}},"3":{"start":{"line":4,"column":23},"end":{"line":4,"column":49}},"4":{"start":{"line":8,"column":4},"end":{"line":22,"column":5}},"5":{"start":{"line":9,"column":82},"end":{"line":9,"column":90}},"6":{"start":{"line":10,"column":22},"end":{"line":10,"column":200}},"7":{"start":{"line":12,"column":6},"end":{"line":12,"column":55}},"8":{"start":{"line":14,"column":6},"end":{"line":14,"column":89}},"9":{"start":{"line":16,"column":6},"end":{"line":16,"column":25}},"10":{"start":{"line":17,"column":6},"end":{"line":20,"column":7}},"11":{"start":{"line":18,"column":8},"end":{"line":18,"column":67}},"12":{"start":{"line":19,"column":8},"end":{"line":19,"column":15}},"13":{"start":{"line":21,"column":6},"end":{"line":21,"column":65}},"14":{"start":{"line":26,"column":4},"end":{"line":54,"column":5}},"15":{"start":{"line":27,"column":34},"end":{"line":27,"column":42}},"16":{"start":{"line":28,"column":6},"end":{"line":28,"column":48}},"17":{"start":{"line":28,"column":18},"end":{"line":28,"column":48}},"18":{"start":{"line":29,"column":6},"end":{"line":29,"column":54}},"19":{"start":{"line":29,"column":21},"end":{"line":29,"column":54}},"20":{"start":{"line":31,"column":23},"end":{"line":31,"column":63}},"21":{"start":{"line":32,"column":6},"end":{"line":32,"column":47}},"22":{"start":{"line":32,"column":21},"end":{"line":32,"column":47}},"23":{"start":{"line":34,"column":20},"end":{"line":34,"column":64}},"24":{"start":{"line":35,"column":6},"end":{"line":35,"column":44}},"25":{"start":{"line":35,"column":18},"end":{"line":35,"column":44}},"26":{"start":{"line":37,"column":27},"end":{"line":37,"column":57}},"27":{"start":{"line":38,"column":6},"end":{"line":38,"column":45}},"28":{"start":{"line":41,"column":6},"end":{"line":44,"column":7}},"29":{"start":{"line":42,"column":8},"end":{"line":42,"column":63}},"30":{"start":{"line":43,"column":8},"end":{"line":43,"column":15}},"31":{"start":{"line":45,"column":6},"end":{"line":48,"column":7}},"32":{"start":{"line":46,"column":8},"end":{"line":46,"column":66}},"33":{"start":{"line":47,"column":8},"end":{"line":47,"column":15}},"34":{"start":{"line":49,"column":6},"end":{"line":52,"column":7}},"35":{"start":{"line":50,"column":8},"end":{"line":50,"column":68}},"36":{"start":{"line":51,"column":8},"end":{"line":51,"column":15}},"37":{"start":{"line":53,"column":6},"end":{"line":53,"column":72}},"38":{"start":{"line":58,"column":4},"end":{"line":64,"column":5}},"39":{"start":{"line":59,"column":19},"end":{"line":59,"column":41}},"40":{"start":{"line":61,"column":6},"end":{"line":61,"column":33}},"41":{"start":{"line":63,"column":6},"end":{"line":63,"column":65}},"42":{"start":{"line":68,"column":4},"end":{"line":74,"column":5}},"43":{"start":{"line":69,"column":21},"end":{"line":69,"column":31}},"44":{"start":{"line":70,"column":19},"end":{"line":70,"column":113}},"45":{"start":{"line":71,"column":6},"end":{"line":71,"column":33}},"46":{"start":{"line":73,"column":6},"end":{"line":73,"column":65}},"47":{"start":{"line":78,"column":4},"end":{"line":84,"column":5}},"48":{"start":{"line":79,"column":19},"end":{"line":79,"column":43}},"49":{"start":{"line":81,"column":6},"end":{"line":81,"column":33}},"50":{"start":{"line":83,"column":6},"end":{"line":83,"column":65}},"51":{"start":{"line":88,"column":4},"end":{"line":94,"column":5}},"52":{"start":{"line":89,"column":21},"end":{"line":89,"column":31}},"53":{"start":{"line":90,"column":19},"end":{"line":90,"column":78}},"54":{"start":{"line":91,"column":6},"end":{"line":91,"column":33}},"55":{"start":{"line":93,"column":6},"end":{"line":93,"column":65}},"56":{"start":{"line":98,"column":4},"end":{"line":106,"column":5}},"57":{"start":{"line":100,"column":70},"end":{"line":100,"column":78}},"58":{"start":{"line":101,"column":6},"end":{"line":101,"column":154}},"59":{"start":{"line":103,"column":6},"end":{"line":103,"column":65}},"60":{"start":{"line":105,"column":6},"end":{"line":105,"column":65}},"61":{"start":{"line":110,"column":14},"end":{"line":110,"column":43}},"62":{"start":{"line":111,"column":4},"end":{"line":135,"column":5}},"63":{"start":{"line":112,"column":26},"end":{"line":112,"column":34}},"64":{"start":{"line":113,"column":27},"end":{"line":113,"column":37}},"65":{"start":{"line":114,"column":21},"end":{"line":114,"column":52}},"66":{"start":{"line":115,"column":6},"end":{"line":115,"column":47}},"67":{"start":{"line":115,"column":19},"end":{"line":115,"column":47}},"68":{"start":{"line":117,"column":19},"end":{"line":117,"column":29}},"69":{"start":{"line":118,"column":24},"end":{"line":118,"column":38}},"70":{"start":{"line":119,"column":21},"end":{"line":119,"column":54}},"71":{"start":{"line":121,"column":30},"end":{"line":121,"column":91}},"72":{"start":{"line":122,"column":6},"end":{"line":122,"column":149}},"73":{"start":{"line":124,"column":6},"end":{"line":124,"column":166}},"74":{"start":{"line":126,"column":6},"end":{"line":126,"column":23}},"75":{"start":{"line":127,"column":6},"end":{"line":127,"column":70}},"76":{"start":{"line":129,"column":6},"end":{"line":129,"column":25}},"77":{"start":{"line":130,"column":6},"end":{"line":133,"column":7}},"78":{"start":{"line":131,"column":8},"end":{"line":131,"column":55}},"79":{"start":{"line":132,"column":8},"end":{"line":132,"column":15}},"80":{"start":{"line":134,"column":6},"end":{"line":134,"column":65}},"81":{"start":{"line":139,"column":4},"end":{"line":146,"column":5}},"82":{"start":{"line":140,"column":30},"end":{"line":140,"column":91}},"83":{"start":{"line":141,"column":26},"end":{"line":141,"column":113}},"84":{"start":{"line":142,"column":19},"end":{"line":142,"column":73}},"85":{"start":{"line":143,"column":6},"end":{"line":143,"column":33}},"86":{"start":{"line":145,"column":6},"end":{"line":145,"column":65}},"87":{"start":{"line":167,"column":4},"end":{"line":200,"column":5}},"88":{"start":{"line":168,"column":19},"end":{"line":168,"column":51}},"89":{"start":{"line":169,"column":30},"end":{"line":169,"column":91}},"90":{"start":{"line":173,"column":17},"end":{"line":176,"column":8}},"91":{"start":{"line":178,"column":22},"end":{"line":190,"column":7}},"92":{"start":{"line":192,"column":28},"end":{"line":192,"column":67}},"93":{"start":{"line":196,"column":6},"end":{"line":196,"column":46}},"94":{"start":{"line":199,"column":6},"end":{"line":199,"column":65}},"95":{"start":{"line":204,"column":14},"end":{"line":204,"column":43}},"96":{"start":{"line":205,"column":4},"end":{"line":217,"column":5}},"97":{"start":{"line":207,"column":30},"end":{"line":207,"column":91}},"98":{"start":{"line":208,"column":6},"end":{"line":208,"column":106}},"99":{"start":{"line":209,"column":6},"end":{"line":209,"column":97}},"100":{"start":{"line":211,"column":6},"end":{"line":211,"column":23}},"101":{"start":{"line":212,"column":6},"end":{"line":212,"column":59}},"102":{"start":{"line":214,"column":6},"end":{"line":214,"column":126}},"103":{"start":{"line":215,"column":6},"end":{"line":215,"column":25}},"104":{"start":{"line":216,"column":6},"end":{"line":216,"column":65}},"105":{"start":{"line":222,"column":4},"end":{"line":279,"column":5}},"106":{"start":{"line":224,"column":23},"end":{"line":224,"column":50}},"107":{"start":{"line":228,"column":6},"end":{"line":228,"column":108}},"108":{"start":{"line":229,"column":6},"end":{"line":229,"column":28}},"109":{"start":{"line":230,"column":6},"end":{"line":230,"column":108}},"110":{"start":{"line":234,"column":6},"end":{"line":240,"column":7}},"111":{"start":{"line":235,"column":8},"end":{"line":235,"column":53}},"112":{"start":{"line":236,"column":8},"end":{"line":236,"column":52}},"113":{"start":{"line":238,"column":8},"end":{"line":238,"column":37}},"114":{"start":{"line":239,"column":8},"end":{"line":239,"column":34}},"115":{"start":{"line":242,"column":6},"end":{"line":242,"column":37}},"116":{"start":{"line":243,"column":6},"end":{"line":243,"column":33}},"117":{"start":{"line":245,"column":21},"end":{"line":274,"column":7}},"118":{"start":{"line":275,"column":6},"end":{"line":275,"column":35}},"119":{"start":{"line":277,"column":6},"end":{"line":277,"column":25}},"120":{"start":{"line":278,"column":6},"end":{"line":278,"column":34}},"121":{"start":{"line":283,"column":0},"end":{"line":283,"column":29}}},"fnMap":{"0":{"name":"(anonymous_0)","decl":{"start":{"line":7,"column":2},"end":{"line":7,"column":3}},"loc":{"start":{"line":7,"column":38},"end":{"line":23,"column":3}},"line":7},"1":{"name":"(anonymous_1)","decl":{"start":{"line":25,"column":2},"end":{"line":25,"column":3}},"loc":{"start":{"line":25,"column":35},"end":{"line":55,"column":3}},"line":25},"2":{"name":"(anonymous_2)","decl":{"start":{"line":57,"column":2},"end":{"line":57,"column":3}},"loc":{"start":{"line":57,"column":38},"end":{"line":65,"column":3}},"line":57},"3":{"name":"(anonymous_3)","decl":{"start":{"line":67,"column":2},"end":{"line":67,"column":3}},"loc":{"start":{"line":67,"column":41},"end":{"line":75,"column":3}},"line":67},"4":{"name":"(anonymous_4)","decl":{"start":{"line":77,"column":2},"end":{"line":77,"column":3}},"loc":{"start":{"line":77,"column":41},"end":{"line":85,"column":3}},"line":77},"5":{"name":"(anonymous_5)","decl":{"start":{"line":87,"column":2},"end":{"line":87,"column":3}},"loc":{"start":{"line":87,"column":43},"end":{"line":95,"column":3}},"line":87},"6":{"name":"(anonymous_6)","decl":{"start":{"line":97,"column":2},"end":{"line":97,"column":3}},"loc":{"start":{"line":97,"column":36},"end":{"line":107,"column":3}},"line":97},"7":{"name":"(anonymous_7)","decl":{"start":{"line":109,"column":2},"end":{"line":109,"column":3}},"loc":{"start":{"line":109,"column":30},"end":{"line":136,"column":3}},"line":109},"8":{"name":"(anonymous_8)","decl":{"start":{"line":138,"column":2},"end":{"line":138,"column":3}},"loc":{"start":{"line":138,"column":43},"end":{"line":147,"column":3}},"line":138},"9":{"name":"(anonymous_9)","decl":{"start":{"line":165,"column":2},"end":{"line":165,"column":3}},"loc":{"start":{"line":165,"column":29},"end":{"line":201,"column":3}},"line":165},"10":{"name":"(anonymous_10)","decl":{"start":{"line":203,"column":2},"end":{"line":203,"column":3}},"loc":{"start":{"line":203,"column":34},"end":{"line":218,"column":3}},"line":203},"11":{"name":"(anonymous_11)","decl":{"start":{"line":221,"column":2},"end":{"line":221,"column":3}},"loc":{"start":{"line":221,"column":33},"end":{"line":280,"column":3}},"line":221}},"branchMap":{"0":{"loc":{"start":{"line":17,"column":6},"end":{"line":20,"column":7}},"type":"if","locations":[{"start":{"line":17,"column":6},"end":{"line":20,"column":7}},{"start":{},"end":{}}],"line":17},"1":{"loc":{"start":{"line":17,"column":10},"end":{"line":17,"column":100}},"type":"binary-expr","locations":[{"start":{"line":17,"column":10},"end":{"line":17,"column":56}},{"start":{"line":17,"column":60},"end":{"line":17,"column":100}}],"line":17},"2":{"loc":{"start":{"line":28,"column":6},"end":{"line":28,"column":48}},"type":"if","locations":[{"start":{"line":28,"column":6},"end":{"line":28,"column":48}},{"start":{},"end":{}}],"line":28},"3":{"loc":{"start":{"line":29,"column":6},"end":{"line":29,"column":54}},"type":"if","locations":[{"start":{"line":29,"column":6},"end":{"line":29,"column":54}},{"start":{},"end":{}}],"line":29},"4":{"loc":{"start":{"line":32,"column":6},"end":{"line":32,"column":47}},"type":"if","locations":[{"start":{"line":32,"column":6},"end":{"line":32,"column":47}},{"start":{},"end":{}}],"line":32},"5":{"loc":{"start":{"line":35,"column":6},"end":{"line":35,"column":44}},"type":"if","locations":[{"start":{"line":35,"column":6},"end":{"line":35,"column":44}},{"start":{},"end":{}}],"line":35},"6":{"loc":{"start":{"line":41,"column":6},"end":{"line":44,"column":7}},"type":"if","locations":[{"start":{"line":41,"column":6},"end":{"line":44,"column":7}},{"start":{},"end":{}}],"line":41},"7":{"loc":{"start":{"line":45,"column":6},"end":{"line":48,"column":7}},"type":"if","locations":[{"start":{"line":45,"column":6},"end":{"line":48,"column":7}},{"start":{},"end":{}}],"line":45},"8":{"loc":{"start":{"line":49,"column":6},"end":{"line":52,"column":7}},"type":"if","locations":[{"start":{"line":49,"column":6},"end":{"line":52,"column":7}},{"start":{},"end":{}}],"line":49},"9":{"loc":{"start":{"line":115,"column":6},"end":{"line":115,"column":47}},"type":"if","locations":[{"start":{"line":115,"column":6},"end":{"line":115,"column":47}},{"start":{},"end":{}}],"line":115},"10":{"loc":{"start":{"line":130,"column":6},"end":{"line":133,"column":7}},"type":"if","locations":[{"start":{"line":130,"column":6},"end":{"line":133,"column":7}},{"start":{},"end":{}}],"line":130},"11":{"loc":{"start":{"line":224,"column":23},"end":{"line":224,"column":50}},"type":"binary-expr","locations":[{"start":{"line":224,"column":23},"end":{"line":224,"column":41}},{"start":{"line":224,"column":45},"end":{"line":224,"column":50}}],"line":224},"12":{"loc":{"start":{"line":234,"column":6},"end":{"line":240,"column":7}},"type":"if","locations":[{"start":{"line":234,"column":6},"end":{"line":240,"column":7}},{"start":{"line":237,"column":13},"end":{"line":240,"column":7}}],"line":234}},"s":{"0":2,"1":2,"2":2,"3":2,"4":6,"5":6,"6":6,"7":1,"8":1,"9":5,"10":5,"11":4,"12":4,"13":1,"14":5,"15":5,"16":5,"17":1,"18":4,"19":1,"20":3,"21":3,"22":0,"23":3,"24":2,"25":1,"26":1,"27":1,"28":4,"29":1,"30":1,"31":3,"32":1,"33":1,"34":2,"35":1,"36":1,"37":1,"38":2,"39":2,"40":1,"41":1,"42":2,"43":2,"44":2,"45":1,"46":1,"47":2,"48":2,"49":1,"50":1,"51":2,"52":2,"53":2,"54":1,"55":1,"56":2,"57":2,"58":2,"59":1,"60":1,"61":3,"62":3,"63":3,"64":3,"65":3,"66":2,"67":1,"68":1,"69":1,"70":1,"71":1,"72":1,"73":1,"74":1,"75":1,"76":2,"77":2,"78":1,"79":1,"80":1,"81":2,"82":2,"83":1,"84":1,"85":1,"86":1,"87":2,"88":2,"89":2,"90":1,"91":1,"92":1,"93":1,"94":1,"95":2,"96":2,"97":2,"98":1,"99":1,"100":1,"101":1,"102":1,"103":1,"104":1,"105":1,"106":1,"107":1,"108":1,"109":1,"110":1,"111":0,"112":0,"113":1,"114":1,"115":1,"116":1,"117":1,"118":1,"119":0,"120":0,"121":2},"f":{"0":6,"1":5,"2":2,"3":2,"4":2,"5":2,"6":2,"7":3,"8":2,"9":2,"10":2,"11":1},"b":{"0":[4,1],"1":[5,4],"2":[1,4],"3":[1,3],"4":[0,3],"5":[1,1],"6":[1,3],"7":[1,2],"8":[1,1],"9":[1,1],"10":[1,1],"11":[1,1],"12":[0,1]},"_coverageSchema":"1a1c01bbd47fc00a2c39e90264f33305004495a9","hash":"c9243821b98b8e117f64cd31fed7129d91c0da21"}
,"C:\\Users\\pewpew\\Desktop\\H8 Nando p3\\Gaming-Go\\Backend\\server\\services\\app\\helpers\\bcrypt.js": {"path":"C:\\Users\\pewpew\\Desktop\\H8 Nando p3\\Gaming-Go\\Backend\\server\\services\\app\\helpers\\bcrypt.js","statementMap":{"0":{"start":{"line":1,"column":15},"end":{"line":1,"column":34}},"1":{"start":{"line":3,"column":21},"end":{"line":5,"column":1}},"2":{"start":{"line":4,"column":2},"end":{"line":4,"column":35}},"3":{"start":{"line":7,"column":24},"end":{"line":9,"column":1}},"4":{"start":{"line":8,"column":2},"end":{"line":8,"column":46}},"5":{"start":{"line":11,"column":0},"end":{"line":14,"column":2}}},"fnMap":{"0":{"name":"(anonymous_0)","decl":{"start":{"line":3,"column":21},"end":{"line":3,"column":22}},"loc":{"start":{"line":3,"column":35},"end":{"line":5,"column":1}},"line":3},"1":{"name":"(anonymous_1)","decl":{"start":{"line":7,"column":24},"end":{"line":7,"column":25}},"loc":{"start":{"line":7,"column":46},"end":{"line":9,"column":1}},"line":7}},"branchMap":{},"s":{"0":2,"1":2,"2":8,"3":2,"4":5,"5":2},"f":{"0":8,"1":5},"b":{},"_coverageSchema":"1a1c01bbd47fc00a2c39e90264f33305004495a9","hash":"f0b13822f69b979803174fceeabb5ff4143e4b16"}
,"C:\\Users\\pewpew\\Desktop\\H8 Nando p3\\Gaming-Go\\Backend\\server\\services\\app\\helpers\\jwt.js": {"path":"C:\\Users\\pewpew\\Desktop\\H8 Nando p3\\Gaming-Go\\Backend\\server\\services\\app\\helpers\\jwt.js","statementMap":{"0":{"start":{"line":1,"column":12},"end":{"line":1,"column":35}},"1":{"start":{"line":2,"column":15},"end":{"line":2,"column":37}},"2":{"start":{"line":4,"column":18},"end":{"line":6,"column":1}},"3":{"start":{"line":5,"column":2},"end":{"line":5,"column":35}},"4":{"start":{"line":8,"column":20},"end":{"line":10,"column":1}},"5":{"start":{"line":9,"column":2},"end":{"line":9,"column":42}},"6":{"start":{"line":12,"column":0},"end":{"line":15,"column":2}}},"fnMap":{"0":{"name":"(anonymous_0)","decl":{"start":{"line":4,"column":18},"end":{"line":4,"column":19}},"loc":{"start":{"line":4,"column":31},"end":{"line":6,"column":1}},"line":4},"1":{"name":"(anonymous_1)","decl":{"start":{"line":8,"column":20},"end":{"line":8,"column":21}},"loc":{"start":{"line":8,"column":38},"end":{"line":10,"column":1}},"line":8}},"branchMap":{},"s":{"0":2,"1":2,"2":2,"3":4,"4":2,"5":20,"6":2},"f":{"0":4,"1":20},"b":{},"_coverageSchema":"1a1c01bbd47fc00a2c39e90264f33305004495a9","hash":"288a859e5a78a0688fb7ce7347c445d58be58851"}
,"C:\\Users\\pewpew\\Desktop\\H8 Nando p3\\Gaming-Go\\Backend\\server\\services\\app\\middlewares\\authentication.js": {"path":"C:\\Users\\pewpew\\Desktop\\H8 Nando p3\\Gaming-Go\\Backend\\server\\services\\app\\middlewares\\authentication.js","statementMap":{"0":{"start":{"line":1,"column":24},"end":{"line":1,"column":49}},"1":{"start":{"line":2,"column":17},"end":{"line":2,"column":37}},"2":{"start":{"line":4,"column":23},"end":{"line":31,"column":1}},"3":{"start":{"line":5,"column":2},"end":{"line":30,"column":3}},"4":{"start":{"line":6,"column":29},"end":{"line":6,"column":40}},"5":{"start":{"line":7,"column":4},"end":{"line":7,"column":55}},"6":{"start":{"line":7,"column":23},"end":{"line":7,"column":55}},"7":{"start":{"line":9,"column":20},"end":{"line":9,"column":45}},"8":{"start":{"line":11,"column":21},"end":{"line":11,"column":70}},"9":{"start":{"line":13,"column":4},"end":{"line":15,"column":5}},"10":{"start":{"line":14,"column":6},"end":{"line":14,"column":38}},"11":{"start":{"line":17,"column":4},"end":{"line":20,"column":6}},"12":{"start":{"line":22,"column":4},"end":{"line":22,"column":11}},"13":{"start":{"line":24,"column":4},"end":{"line":27,"column":5}},"14":{"start":{"line":25,"column":6},"end":{"line":25,"column":57}},"15":{"start":{"line":26,"column":6},"end":{"line":26,"column":13}},"16":{"start":{"line":29,"column":4},"end":{"line":29,"column":63}},"17":{"start":{"line":33,"column":0},"end":{"line":33,"column":32}}},"fnMap":{"0":{"name":"(anonymous_0)","decl":{"start":{"line":4,"column":23},"end":{"line":4,"column":24}},"loc":{"start":{"line":4,"column":49},"end":{"line":31,"column":1}},"line":4}},"branchMap":{"0":{"loc":{"start":{"line":7,"column":4},"end":{"line":7,"column":55}},"type":"if","locations":[{"start":{"line":7,"column":4},"end":{"line":7,"column":55}},{"start":{},"end":{}}],"line":7},"1":{"loc":{"start":{"line":13,"column":4},"end":{"line":15,"column":5}},"type":"if","locations":[{"start":{"line":13,"column":4},"end":{"line":15,"column":5}},{"start":{},"end":{}}],"line":13},"2":{"loc":{"start":{"line":24,"column":4},"end":{"line":27,"column":5}},"type":"if","locations":[{"start":{"line":24,"column":4},"end":{"line":27,"column":5}},{"start":{},"end":{}}],"line":24},"3":{"loc":{"start":{"line":24,"column":8},"end":{"line":24,"column":74}},"type":"binary-expr","locations":[{"start":{"line":24,"column":8},"end":{"line":24,"column":37}},{"start":{"line":24,"column":41},"end":{"line":24,"column":74}}],"line":24}},"s":{"0":2,"1":2,"2":2,"3":20,"4":20,"5":20,"6":0,"7":20,"8":19,"9":19,"10":0,"11":19,"12":19,"13":1,"14":1,"15":1,"16":0,"17":2},"f":{"0":20},"b":{"0":[0,20],"1":[0,19],"2":[1,0],"3":[1,1]},"_coverageSchema":"1a1c01bbd47fc00a2c39e90264f33305004495a9","hash":"577662105489e46bdee75c417a3cefa256fb765d"}
,"C:\\Users\\pewpew\\Desktop\\H8 Nando p3\\Gaming-Go\\Backend\\server\\services\\app\\models\\category.js": {"path":"C:\\Users\\pewpew\\Desktop\\H8 Nando p3\\Gaming-Go\\Backend\\server\\services\\app\\models\\category.js","statementMap":{"0":{"start":{"line":2,"column":18},"end":{"line":2,"column":38}},"1":{"start":{"line":3,"column":0},"end":{"line":25,"column":2}},"2":{"start":{"line":11,"column":6},"end":{"line":11,"column":38}},"3":{"start":{"line":14,"column":2},"end":{"line":23,"column":4}},"4":{"start":{"line":24,"column":2},"end":{"line":24,"column":18}}},"fnMap":{"0":{"name":"(anonymous_0)","decl":{"start":{"line":3,"column":17},"end":{"line":3,"column":18}},"loc":{"start":{"line":3,"column":43},"end":{"line":25,"column":1}},"line":3},"1":{"name":"(anonymous_1)","decl":{"start":{"line":10,"column":4},"end":{"line":10,"column":5}},"loc":{"start":{"line":10,"column":29},"end":{"line":12,"column":5}},"line":10}},"branchMap":{},"s":{"0":2,"1":2,"2":2,"3":2,"4":2},"f":{"0":2,"1":2},"b":{},"_coverageSchema":"1a1c01bbd47fc00a2c39e90264f33305004495a9","hash":"16d1aaacf8bacde75b6b4c40bd437e11640c5f0a"}
,"C:\\Users\\pewpew\\Desktop\\H8 Nando p3\\Gaming-Go\\Backend\\server\\services\\app\\models\\detail.js": {"path":"C:\\Users\\pewpew\\Desktop\\H8 Nando p3\\Gaming-Go\\Backend\\server\\services\\app\\models\\detail.js","statementMap":{"0":{"start":{"line":2,"column":18},"end":{"line":2,"column":38}},"1":{"start":{"line":3,"column":0},"end":{"line":30,"column":2}},"2":{"start":{"line":12,"column":6},"end":{"line":12,"column":43}},"3":{"start":{"line":13,"column":6},"end":{"line":13,"column":38}},"4":{"start":{"line":16,"column":2},"end":{"line":28,"column":4}},"5":{"start":{"line":29,"column":2},"end":{"line":29,"column":16}}},"fnMap":{"0":{"name":"(anonymous_0)","decl":{"start":{"line":3,"column":17},"end":{"line":3,"column":18}},"loc":{"start":{"line":3,"column":43},"end":{"line":30,"column":1}},"line":3},"1":{"name":"(anonymous_1)","decl":{"start":{"line":10,"column":4},"end":{"line":10,"column":5}},"loc":{"start":{"line":10,"column":29},"end":{"line":14,"column":5}},"line":10}},"branchMap":{},"s":{"0":2,"1":2,"2":2,"3":2,"4":2,"5":2},"f":{"0":2,"1":2},"b":{},"_coverageSchema":"1a1c01bbd47fc00a2c39e90264f33305004495a9","hash":"7825668ccc5ea414edb2e28258ed973ee18d80bd"}
,"C:\\Users\\pewpew\\Desktop\\H8 Nando p3\\Gaming-Go\\Backend\\server\\services\\app\\models\\device.js": {"path":"C:\\Users\\pewpew\\Desktop\\H8 Nando p3\\Gaming-Go\\Backend\\server\\services\\app\\models\\device.js","statementMap":{"0":{"start":{"line":2,"column":18},"end":{"line":2,"column":38}},"1":{"start":{"line":3,"column":0},"end":{"line":34,"column":2}},"2":{"start":{"line":11,"column":6},"end":{"line":11,"column":36}},"3":{"start":{"line":12,"column":6},"end":{"line":12,"column":40}},"4":{"start":{"line":13,"column":6},"end":{"line":13,"column":36}},"5":{"start":{"line":16,"column":2},"end":{"line":32,"column":4}},"6":{"start":{"line":33,"column":2},"end":{"line":33,"column":16}}},"fnMap":{"0":{"name":"(anonymous_0)","decl":{"start":{"line":3,"column":17},"end":{"line":3,"column":18}},"loc":{"start":{"line":3,"column":43},"end":{"line":34,"column":1}},"line":3},"1":{"name":"(anonymous_1)","decl":{"start":{"line":10,"column":4},"end":{"line":10,"column":5}},"loc":{"start":{"line":10,"column":29},"end":{"line":14,"column":5}},"line":10}},"branchMap":{},"s":{"0":2,"1":2,"2":2,"3":2,"4":2,"5":2,"6":2},"f":{"0":2,"1":2},"b":{},"_coverageSchema":"1a1c01bbd47fc00a2c39e90264f33305004495a9","hash":"97bf9eadb1e4794783636e3b528749275fbdc494"}
,"C:\\Users\\pewpew\\Desktop\\H8 Nando p3\\Gaming-Go\\Backend\\server\\services\\app\\models\\index.js": {"path":"C:\\Users\\pewpew\\Desktop\\H8 Nando p3\\Gaming-Go\\Backend\\server\\services\\app\\models\\index.js","statementMap":{"0":{"start":{"line":3,"column":11},"end":{"line":3,"column":24}},"1":{"start":{"line":4,"column":13},"end":{"line":4,"column":28}},"2":{"start":{"line":5,"column":18},"end":{"line":5,"column":38}},"3":{"start":{"line":6,"column":16},"end":{"line":6,"column":34}},"4":{"start":{"line":7,"column":17},"end":{"line":7,"column":42}},"5":{"start":{"line":8,"column":12},"end":{"line":8,"column":49}},"6":{"start":{"line":9,"column":15},"end":{"line":9,"column":65}},"7":{"start":{"line":10,"column":11},"end":{"line":10,"column":13}},"8":{"start":{"line":13,"column":0},"end":{"line":17,"column":1}},"9":{"start":{"line":14,"column":2},"end":{"line":14,"column":74}},"10":{"start":{"line":16,"column":2},"end":{"line":16,"column":87}},"11":{"start":{"line":19,"column":0},"end":{"line":27,"column":5}},"12":{"start":{"line":22,"column":4},"end":{"line":22,"column":90}},"13":{"start":{"line":25,"column":18},"end":{"line":25,"column":85}},"14":{"start":{"line":26,"column":4},"end":{"line":26,"column":27}},"15":{"start":{"line":29,"column":0},"end":{"line":33,"column":3}},"16":{"start":{"line":30,"column":2},"end":{"line":32,"column":3}},"17":{"start":{"line":31,"column":4},"end":{"line":31,"column":32}},"18":{"start":{"line":35,"column":0},"end":{"line":35,"column":25}},"19":{"start":{"line":36,"column":0},"end":{"line":36,"column":25}},"20":{"start":{"line":38,"column":0},"end":{"line":38,"column":20}}},"fnMap":{"0":{"name":"(anonymous_0)","decl":{"start":{"line":21,"column":10},"end":{"line":21,"column":11}},"loc":{"start":{"line":21,"column":18},"end":{"line":23,"column":3}},"line":21},"1":{"name":"(anonymous_1)","decl":{"start":{"line":24,"column":11},"end":{"line":24,"column":12}},"loc":{"start":{"line":24,"column":19},"end":{"line":27,"column":3}},"line":24},"2":{"name":"(anonymous_2)","decl":{"start":{"line":29,"column":24},"end":{"line":29,"column":25}},"loc":{"start":{"line":29,"column":37},"end":{"line":33,"column":1}},"line":29}},"branchMap":{"0":{"loc":{"start":{"line":8,"column":12},"end":{"line":8,"column":49}},"type":"binary-expr","locations":[{"start":{"line":8,"column":12},"end":{"line":8,"column":32}},{"start":{"line":8,"column":36},"end":{"line":8,"column":49}}],"line":8},"1":{"loc":{"start":{"line":13,"column":0},"end":{"line":17,"column":1}},"type":"if","locations":[{"start":{"line":13,"column":0},"end":{"line":17,"column":1}},{"start":{"line":15,"column":7},"end":{"line":17,"column":1}}],"line":13},"2":{"loc":{"start":{"line":22,"column":11},"end":{"line":22,"column":89}},"type":"binary-expr","locations":[{"start":{"line":22,"column":12},"end":{"line":22,"column":35}},{"start":{"line":22,"column":41},"end":{"line":22,"column":58}},{"start":{"line":22,"column":64},"end":{"line":22,"column":88}}],"line":22},"3":{"loc":{"start":{"line":30,"column":2},"end":{"line":32,"column":3}},"type":"if","locations":[{"start":{"line":30,"column":2},"end":{"line":32,"column":3}},{"start":{},"end":{}}],"line":30}},"s":{"0":2,"1":2,"2":2,"3":2,"4":2,"5":2,"6":2,"7":2,"8":2,"9":0,"10":2,"11":2,"12":12,"13":10,"14":10,"15":2,"16":10,"17":10,"18":2,"19":2,"20":2},"f":{"0":12,"1":10,"2":10},"b":{"0":[2,0],"1":[0,2],"2":[12,12,10],"3":[10,0]},"_coverageSchema":"1a1c01bbd47fc00a2c39e90264f33305004495a9","hash":"ffd3af054fb4aae5929c099e5791119af9d9d4d0"}
,"C:\\Users\\pewpew\\Desktop\\H8 Nando p3\\Gaming-Go\\Backend\\server\\services\\app\\models\\transaction.js": {"path":"C:\\Users\\pewpew\\Desktop\\H8 Nando p3\\Gaming-Go\\Backend\\server\\services\\app\\models\\transaction.js","statementMap":{"0":{"start":{"line":2,"column":18},"end":{"line":2,"column":38}},"1":{"start":{"line":3,"column":0},"end":{"line":28,"column":2}},"2":{"start":{"line":12,"column":6},"end":{"line":12,"column":41}},"3":{"start":{"line":15,"column":2},"end":{"line":26,"column":4}},"4":{"start":{"line":27,"column":2},"end":{"line":27,"column":21}}},"fnMap":{"0":{"name":"(anonymous_0)","decl":{"start":{"line":3,"column":17},"end":{"line":3,"column":18}},"loc":{"start":{"line":3,"column":43},"end":{"line":28,"column":1}},"line":3},"1":{"name":"(anonymous_1)","decl":{"start":{"line":10,"column":4},"end":{"line":10,"column":5}},"loc":{"start":{"line":10,"column":29},"end":{"line":13,"column":5}},"line":10}},"branchMap":{},"s":{"0":2,"1":2,"2":2,"3":2,"4":2},"f":{"0":2,"1":2},"b":{},"_coverageSchema":"1a1c01bbd47fc00a2c39e90264f33305004495a9","hash":"713d0cd9ad0f42ff47612e90158485245b1e7ef5"}
,"C:\\Users\\pewpew\\Desktop\\H8 Nando p3\\Gaming-Go\\Backend\\server\\services\\app\\models\\user.js": {"path":"C:\\Users\\pewpew\\Desktop\\H8 Nando p3\\Gaming-Go\\Backend\\server\\services\\app\\models\\user.js","statementMap":{"0":{"start":{"line":2,"column":25},"end":{"line":2,"column":53}},"1":{"start":{"line":3,"column":18},"end":{"line":3,"column":38}},"2":{"start":{"line":4,"column":0},"end":{"line":56,"column":2}},"3":{"start":{"line":12,"column":6},"end":{"line":12,"column":34}},"4":{"start":{"line":15,"column":2},"end":{"line":49,"column":4}},"5":{"start":{"line":51,"column":2},"end":{"line":53,"column":5}},"6":{"start":{"line":52,"column":4},"end":{"line":52,"column":56}},"7":{"start":{"line":55,"column":2},"end":{"line":55,"column":14}}},"fnMap":{"0":{"name":"(anonymous_0)","decl":{"start":{"line":4,"column":17},"end":{"line":4,"column":18}},"loc":{"start":{"line":4,"column":43},"end":{"line":56,"column":1}},"line":4},"1":{"name":"(anonymous_1)","decl":{"start":{"line":11,"column":4},"end":{"line":11,"column":5}},"loc":{"start":{"line":11,"column":29},"end":{"line":13,"column":5}},"line":11},"2":{"name":"(anonymous_2)","decl":{"start":{"line":51,"column":20},"end":{"line":51,"column":21}},"loc":{"start":{"line":51,"column":34},"end":{"line":53,"column":3}},"line":51}},"branchMap":{},"s":{"0":2,"1":2,"2":2,"3":2,"4":2,"5":2,"6":8,"7":2},"f":{"0":2,"1":2,"2":8},"b":{},"_coverageSchema":"1a1c01bbd47fc00a2c39e90264f33305004495a9","hash":"026097c100a6039e9987a70c8b26ce62e0ef77cb"}
,"C:\\Users\\pewpew\\Desktop\\H8 Nando p3\\Gaming-Go\\Backend\\server\\services\\app\\routes\\admin.js": {"path":"C:\\Users\\pewpew\\Desktop\\H8 Nando p3\\Gaming-Go\\Backend\\server\\services\\app\\routes\\admin.js","statementMap":{"0":{"start":{"line":1,"column":16},"end":{"line":1,"column":34}},"1":{"start":{"line":2,"column":15},"end":{"line":2,"column":31}},"2":{"start":{"line":3,"column":25},"end":{"line":3,"column":56}},"3":{"start":{"line":4,"column":23},"end":{"line":4,"column":63}},"4":{"start":{"line":6,"column":0},"end":{"line":6,"column":52}},"5":{"start":{"line":7,"column":0},"end":{"line":7,"column":46}},"6":{"start":{"line":8,"column":0},"end":{"line":8,"column":27}},"7":{"start":{"line":9,"column":0},"end":{"line":9,"column":50}},"8":{"start":{"line":10,"column":0},"end":{"line":10,"column":57}},"9":{"start":{"line":11,"column":0},"end":{"line":11,"column":56}},"10":{"start":{"line":13,"column":0},"end":{"line":13,"column":24}}},"fnMap":{},"branchMap":{},"s":{"0":2,"1":2,"2":2,"3":2,"4":2,"5":2,"6":2,"7":2,"8":2,"9":2,"10":2},"f":{},"b":{},"_coverageSchema":"1a1c01bbd47fc00a2c39e90264f33305004495a9","hash":"689175cb0270cccb544abca05d2be5f2fb44474c"}
,"C:\\Users\\pewpew\\Desktop\\H8 Nando p3\\Gaming-Go\\Backend\\server\\services\\app\\routes\\customer.js": {"path":"C:\\Users\\pewpew\\Desktop\\H8 Nando p3\\Gaming-Go\\Backend\\server\\services\\app\\routes\\customer.js","statementMap":{"0":{"start":{"line":1,"column":16},"end":{"line":1,"column":34}},"1":{"start":{"line":2,"column":20},"end":{"line":2,"column":45}},"2":{"start":{"line":3,"column":23},"end":{"line":3,"column":63}},"3":{"start":{"line":4,"column":15},"end":{"line":4,"column":31}},"4":{"start":{"line":6,"column":0},"end":{"line":6,"column":51}},"5":{"start":{"line":7,"column":0},"end":{"line":7,"column":45}},"6":{"start":{"line":8,"column":0},"end":{"line":8,"column":49}},"7":{"start":{"line":9,"column":0},"end":{"line":9,"column":56}},"8":{"start":{"line":10,"column":0},"end":{"line":10,"column":55}},"9":{"start":{"line":11,"column":0},"end":{"line":11,"column":61}},"10":{"start":{"line":12,"column":0},"end":{"line":12,"column":27}},"11":{"start":{"line":13,"column":0},"end":{"line":13,"column":48}},"12":{"start":{"line":14,"column":0},"end":{"line":14,"column":49}},"13":{"start":{"line":15,"column":0},"end":{"line":15,"column":59}},"14":{"start":{"line":18,"column":0},"end":{"line":18,"column":40}},"15":{"start":{"line":20,"column":0},"end":{"line":20,"column":46}},"16":{"start":{"line":23,"column":0},"end":{"line":23,"column":44}},"17":{"start":{"line":25,"column":0},"end":{"line":25,"column":24}}},"fnMap":{},"branchMap":{},"s":{"0":2,"1":2,"2":2,"3":2,"4":2,"5":2,"6":2,"7":2,"8":2,"9":2,"10":2,"11":2,"12":2,"13":2,"14":2,"15":2,"16":2,"17":2},"f":{},"b":{},"_coverageSchema":"1a1c01bbd47fc00a2c39e90264f33305004495a9","hash":"dffcb32d0c227a16c1d136d5282cabed6c973ca5"}
,"C:\\Users\\pewpew\\Desktop\\H8 Nando p3\\Gaming-Go\\Backend\\server\\services\\app\\routes\\index.js": {"path":"C:\\Users\\pewpew\\Desktop\\H8 Nando p3\\Gaming-Go\\Backend\\server\\services\\app\\routes\\index.js","statementMap":{"0":{"start":{"line":1,"column":16},"end":{"line":1,"column":34}},"1":{"start":{"line":2,"column":15},"end":{"line":2,"column":31}},"2":{"start":{"line":3,"column":23},"end":{"line":3,"column":44}},"3":{"start":{"line":4,"column":20},"end":{"line":4,"column":38}},"4":{"start":{"line":6,"column":0},"end":{"line":6,"column":34}},"5":{"start":{"line":7,"column":0},"end":{"line":7,"column":35}},"6":{"start":{"line":9,"column":0},"end":{"line":9,"column":24}}},"fnMap":{},"branchMap":{},"s":{"0":2,"1":2,"2":2,"3":2,"4":2,"5":2,"6":2},"f":{},"b":{},"_coverageSchema":"1a1c01bbd47fc00a2c39e90264f33305004495a9","hash":"4c83ce991846d8767b0b478bdca728aaf2411fc3"}
}
