TN:
SF:app.js
FNF:0
FNH:0
DA:1,2
DA:2,2
DA:5,2
DA:6,2
DA:7,2
DA:8,2
DA:9,2
DA:11,2
DA:12,2
DA:13,2
DA:15,2
DA:21,2
LF:12
LH:12
BRDA:1,0,0,2
BRDA:1,0,1,0
BRDA:7,1,0,2
BRDA:7,1,1,2
BRF:4
BRH:3
end_of_record
TN:
SF:controllers\admin.js
FN:6,(anonymous_0)
FN:22,(anonymous_1)
FN:55,(anonymous_2)
FN:65,(anonymous_3)
FN:81,(anonymous_4)
FNF:5
FNH:5
FNDA:6,(anonymous_0)
FNDA:5,(anonymous_1)
FNDA:1,(anonymous_2)
FNDA:2,(anonymous_3)
FNDA:1,(anonymous_4)
DA:1,2
DA:2,2
DA:3,2
DA:4,2
DA:7,6
DA:8,6
DA:9,6
DA:11,1
DA:14,5
DA:15,4
DA:16,4
DA:18,1
DA:23,5
DA:25,5
DA:26,5
DA:27,4
DA:29,3
DA:30,3
DA:32,2
DA:33,1
DA:35,1
DA:36,1
DA:39,4
DA:40,1
DA:41,1
DA:43,3
DA:44,1
DA:45,1
DA:47,2
DA:48,1
DA:49,1
DA:51,1
DA:56,1
DA:57,1
DA:59,1
DA:61,0
DA:66,2
DA:67,2
DA:68,2
DA:69,2
DA:71,1
DA:73,1
DA:74,1
DA:75,1
DA:77,0
DA:82,1
DA:84,1
DA:86,1
DA:87,1
DA:89,0
DA:94,2
LF:51
LH:48
BRDA:14,0,0,4
BRDA:14,0,1,1
BRDA:14,1,0,5
BRDA:14,1,1,4
BRDA:26,2,0,1
BRDA:26,2,1,4
BRDA:27,3,0,1
BRDA:27,3,1,3
BRDA:30,4,0,1
BRDA:30,4,1,2
BRDA:33,5,0,0
BRDA:33,5,1,1
BRDA:39,6,0,1
BRDA:39,6,1,3
BRDA:43,7,0,1
BRDA:43,7,1,2
BRDA:47,8,0,1
BRDA:47,8,1,1
BRDA:69,9,0,1
BRDA:69,9,1,1
BRDA:73,10,0,1
BRDA:73,10,1,0
BRF:22
BRH:20
end_of_record
TN:
SF:controllers\index.js
FN:6,(anonymous_0)
FN:23,(anonymous_1)
FN:55,(anonymous_2)
FN:65,(anonymous_3)
FN:75,(anonymous_4)
FN:85,(anonymous_5)
FN:95,(anonymous_6)
FN:107,(anonymous_7)
FN:136,(anonymous_8)
FNF:9
FNH:9
FNDA:6,(anonymous_0)
FNDA:5,(anonymous_1)
FNDA:1,(anonymous_2)
FNDA:1,(anonymous_3)
FNDA:1,(anonymous_4)
FNDA:1,(anonymous_5)
FNDA:1,(anonymous_6)
FNDA:2,(anonymous_7)
FNDA:1,(anonymous_8)
DA:1,2
DA:2,2
DA:3,2
DA:7,6
DA:8,6
DA:9,6
DA:11,1
DA:13,1
DA:15,5
DA:16,4
DA:17,4
DA:19,1
DA:24,5
DA:25,5
DA:26,5
DA:27,4
DA:29,3
DA:30,3
DA:32,3
DA:33,2
DA:35,1
DA:36,1
DA:39,4
DA:40,1
DA:41,1
DA:43,3
DA:44,1
DA:45,1
DA:47,2
DA:48,1
DA:49,1
DA:51,1
DA:56,1
DA:57,1
DA:59,1
DA:61,0
DA:66,1
DA:67,1
DA:68,1
DA:69,1
DA:71,0
DA:76,1
DA:77,1
DA:79,1
DA:81,0
DA:86,1
DA:87,1
DA:88,1
DA:89,1
DA:91,0
DA:96,1
DA:98,1
DA:99,1
DA:101,1
DA:103,0
DA:108,2
DA:109,2
DA:110,2
DA:111,2
DA:112,2
DA:113,2
DA:115,1
DA:116,1
DA:117,1
DA:119,1
DA:120,1
DA:122,1
DA:124,1
DA:125,1
DA:127,1
DA:128,1
DA:129,1
DA:130,1
DA:132,0
DA:137,1
DA:138,1
DA:139,1
DA:140,1
DA:141,1
DA:143,0
DA:148,2
LF:81
LH:74
BRDA:15,0,0,4
BRDA:15,0,1,1
BRDA:15,1,0,5
BRDA:15,1,1,4
BRDA:26,2,0,1
BRDA:26,2,1,4
BRDA:27,3,0,1
BRDA:27,3,1,3
BRDA:30,4,0,0
BRDA:30,4,1,3
BRDA:33,5,0,1
BRDA:33,5,1,1
BRDA:39,6,0,1
BRDA:39,6,1,3
BRDA:43,7,0,1
BRDA:43,7,1,2
BRDA:47,8,0,1
BRDA:47,8,1,1
BRDA:113,9,0,1
BRDA:113,9,1,1
BRDA:128,10,0,1
BRDA:128,10,1,0
BRF:22
BRH:20
end_of_record
TN:
SF:helpers\bcrypt.js
FN:3,(anonymous_0)
FN:7,(anonymous_1)
FNF:2
FNH:2
FNDA:8,(anonymous_0)
FNDA:5,(anonymous_1)
DA:1,2
DA:3,2
DA:4,8
DA:7,2
DA:8,5
DA:11,2
LF:6
LH:6
BRF:0
BRH:0
end_of_record
TN:
SF:helpers\jwt.js
FN:4,(anonymous_0)
FN:8,(anonymous_1)
FNF:2
FNH:2
FNDA:4,(anonymous_0)
FNDA:9,(anonymous_1)
DA:1,2
DA:2,2
DA:4,2
DA:5,4
DA:8,2
DA:9,9
DA:12,2
LF:7
LH:7
BRF:0
BRH:0
end_of_record
TN:
SF:middlewares\authentication.js
FN:4,(anonymous_0)
FNF:1
FNH:1
FNDA:9,(anonymous_0)
DA:1,2
DA:2,2
DA:4,2
DA:5,9
DA:6,9
DA:7,9
DA:9,9
DA:11,8
DA:12,8
DA:14,8
DA:18,8
DA:22,1
DA:23,1
DA:24,1
DA:27,0
DA:31,2
LF:16
LH:15
BRDA:7,0,0,0
BRDA:7,0,1,9
BRDA:12,1,0,0
BRDA:12,1,1,8
BRDA:22,2,0,1
BRDA:22,2,1,0
BRDA:22,3,0,1
BRDA:22,3,1,1
BRF:8
BRH:5
end_of_record
TN:
SF:models\category.js
FN:3,(anonymous_0)
FN:10,(anonymous_1)
FNF:2
FNH:2
FNDA:2,(anonymous_0)
FNDA:2,(anonymous_1)
DA:2,2
DA:3,2
DA:11,2
DA:14,2
DA:24,2
LF:5
LH:5
BRF:0
BRH:0
end_of_record
TN:
SF:models\detail.js
FN:3,(anonymous_0)
FN:10,(anonymous_1)
FNF:2
FNH:2
FNDA:2,(anonymous_0)
FNDA:2,(anonymous_1)
DA:2,2
DA:3,2
DA:12,2
DA:13,2
DA:16,2
DA:29,2
LF:6
LH:6
BRF:0
BRH:0
end_of_record
TN:
SF:models\device.js
FN:3,(anonymous_0)
FN:10,(anonymous_1)
FNF:2
FNH:2
FNDA:2,(anonymous_0)
FNDA:2,(anonymous_1)
DA:2,2
DA:3,2
DA:11,2
DA:12,2
DA:13,2
DA:16,2
DA:32,2
LF:7
LH:7
BRF:0
BRH:0
end_of_record
TN:
SF:models\index.js
FN:21,(anonymous_0)
FN:24,(anonymous_1)
FN:29,(anonymous_2)
FNF:3
FNH:3
FNDA:12,(anonymous_0)
FNDA:10,(anonymous_1)
FNDA:10,(anonymous_2)
DA:3,2
DA:4,2
DA:5,2
DA:6,2
DA:7,2
DA:8,2
DA:9,2
DA:10,2
DA:13,2
DA:14,0
DA:16,2
DA:19,2
DA:22,12
DA:25,10
DA:26,10
DA:29,2
DA:30,10
DA:31,10
DA:35,2
DA:36,2
DA:38,2
LF:21
LH:20
BRDA:8,0,0,2
BRDA:8,0,1,0
BRDA:13,1,0,0
BRDA:13,1,1,2
BRDA:22,2,0,12
BRDA:22,2,1,12
BRDA:22,2,2,10
BRDA:30,3,0,10
BRDA:30,3,1,0
BRF:9
BRH:6
end_of_record
TN:
SF:models\transaction.js
FN:3,(anonymous_0)
FN:10,(anonymous_1)
FNF:2
FNH:2
FNDA:2,(anonymous_0)
FNDA:2,(anonymous_1)
DA:2,2
DA:3,2
DA:12,2
DA:15,2
DA:27,2
LF:5
LH:5
BRF:0
BRH:0
end_of_record
TN:
SF:models\user.js
FN:4,(anonymous_0)
FN:11,(anonymous_1)
FN:50,(anonymous_2)
FNF:3
FNH:3
FNDA:2,(anonymous_0)
FNDA:2,(anonymous_1)
FNDA:8,(anonymous_2)
DA:2,2
DA:3,2
DA:4,2
DA:12,2
DA:15,2
DA:50,2
DA:51,8
DA:54,2
LF:8
LH:8
BRF:0
BRH:0
end_of_record
TN:
SF:routes\admin.js
FNF:0
FNH:0
DA:1,2
DA:2,2
DA:3,2
DA:4,2
DA:6,2
DA:7,2
DA:8,2
DA:9,2
DA:10,2
DA:11,2
DA:13,2
LF:11
LH:11
BRF:0
BRH:0
end_of_record
TN:
SF:routes\customer.js
FNF:0
FNH:0
DA:1,2
DA:2,2
DA:3,2
DA:4,2
DA:6,2
DA:7,2
DA:8,2
DA:9,2
DA:10,2
DA:11,2
DA:12,2
DA:13,2
DA:14,2
DA:15,2
DA:18,2
LF:15
LH:15
BRF:0
BRH:0
end_of_record
TN:
SF:routes\index.js
FNF:0
FNH:0
DA:1,2
DA:2,2
DA:3,2
DA:4,2
DA:6,2
DA:7,2
DA:9,2
LF:7
LH:7
BRF:0
BRH:0
end_of_record
