TN:
SF:app.js
FNF:0
FNH:0
DA:1,2
DA:2,2
DA:5,2
DA:6,2
DA:7,2
DA:8,2
DA:9,2
DA:11,2
DA:12,2
DA:13,2
DA:15,2
DA:21,2
LF:12
LH:12
BRDA:1,0,0,2
BRDA:1,0,1,0
BRDA:7,1,0,2
BRDA:7,1,1,2
BRF:4
BRH:3
end_of_record
TN:
SF:controllers\admin.js
FN:6,(anonymous_0)
FN:22,(anonymous_1)
FN:55,(anonymous_2)
FN:65,(anonymous_3)
FN:81,(anonymous_4)
FNF:5
FNH:5
FNDA:6,(anonymous_0)
FNDA:5,(anonymous_1)
FNDA:2,(anonymous_2)
FNDA:3,(anonymous_3)
FNDA:2,(anonymous_4)
DA:1,2
DA:2,2
DA:3,2
DA:4,2
DA:7,6
DA:8,6
DA:9,6
DA:11,1
DA:14,5
DA:15,4
DA:16,4
DA:18,1
DA:23,5
DA:25,5
DA:26,5
DA:27,4
DA:29,3
DA:30,3
DA:32,2
DA:33,1
DA:35,1
DA:36,1
DA:39,4
DA:40,1
DA:41,1
DA:43,3
DA:44,1
DA:45,1
DA:47,2
DA:48,1
DA:49,1
DA:51,1
DA:56,2
DA:57,2
DA:59,1
DA:61,1
DA:66,3
DA:67,3
DA:68,3
DA:69,2
DA:71,1
DA:73,2
DA:74,1
DA:75,1
DA:77,1
DA:82,2
DA:84,2
DA:86,2
DA:87,1
DA:89,1
DA:94,2
LF:51
LH:51
BRDA:14,0,0,4
BRDA:14,0,1,1
BRDA:14,1,0,5
BRDA:14,1,1,4
BRDA:26,2,0,1
BRDA:26,2,1,4
BRDA:27,3,0,1
BRDA:27,3,1,3
BRDA:30,4,0,1
BRDA:30,4,1,2
BRDA:33,5,0,0
BRDA:33,5,1,1
BRDA:39,6,0,1
BRDA:39,6,1,3
BRDA:43,7,0,1
BRDA:43,7,1,2
BRDA:47,8,0,1
BRDA:47,8,1,1
BRDA:69,9,0,1
BRDA:69,9,1,1
BRDA:73,10,0,1
BRDA:73,10,1,1
BRF:22
BRH:21
end_of_record
TN:
SF:controllers\index.js
FN:7,(anonymous_0)
FN:25,(anonymous_1)
FN:57,(anonymous_2)
FN:67,(anonymous_3)
FN:77,(anonymous_4)
FN:87,(anonymous_5)
FN:97,(anonymous_6)
FN:109,(anonymous_7)
FN:138,(anonymous_8)
FN:165,(anonymous_9)
FN:203,(anonymous_10)
FN:221,(anonymous_11)
FNF:12
FNH:12
FNDA:6,(anonymous_0)
FNDA:5,(anonymous_1)
FNDA:2,(anonymous_2)
FNDA:2,(anonymous_3)
FNDA:2,(anonymous_4)
FNDA:2,(anonymous_5)
FNDA:2,(anonymous_6)
FNDA:3,(anonymous_7)
FNDA:2,(anonymous_8)
FNDA:2,(anonymous_9)
FNDA:2,(anonymous_10)
FNDA:1,(anonymous_11)
DA:1,2
DA:2,2
DA:3,2
DA:4,2
DA:8,6
DA:9,6
DA:10,6
DA:12,1
DA:14,1
DA:16,5
DA:17,5
DA:18,4
DA:19,4
DA:21,1
DA:26,5
DA:27,5
DA:28,5
DA:29,4
DA:31,3
DA:32,3
DA:34,3
DA:35,2
DA:37,1
DA:38,1
DA:41,4
DA:42,1
DA:43,1
DA:45,3
DA:46,1
DA:47,1
DA:49,2
DA:50,1
DA:51,1
DA:53,1
DA:58,2
DA:59,2
DA:61,1
DA:63,1
DA:68,2
DA:69,2
DA:70,2
DA:71,1
DA:73,1
DA:78,2
DA:79,2
DA:81,1
DA:83,1
DA:88,2
DA:89,2
DA:90,2
DA:91,1
DA:93,1
DA:98,2
DA:100,2
DA:101,2
DA:103,1
DA:105,1
DA:110,3
DA:111,3
DA:112,3
DA:113,3
DA:114,3
DA:115,2
DA:117,1
DA:118,1
DA:119,1
DA:121,1
DA:122,1
DA:124,1
DA:126,1
DA:127,1
DA:129,2
DA:130,2
DA:131,1
DA:132,1
DA:134,1
DA:139,2
DA:140,2
DA:141,1
DA:142,1
DA:143,1
DA:145,1
DA:167,2
DA:168,2
DA:169,2
DA:173,1
DA:178,1
DA:192,1
DA:196,1
DA:199,1
DA:204,2
DA:205,2
DA:207,2
DA:208,1
DA:209,1
DA:211,1
DA:212,1
DA:214,1
DA:215,1
DA:216,1
DA:222,1
DA:224,1
DA:228,1
DA:229,1
DA:230,1
DA:234,1
DA:235,0
DA:236,0
DA:238,1
DA:239,1
DA:242,1
DA:243,1
DA:245,1
DA:275,1
DA:277,0
DA:278,0
DA:283,2
LF:117
LH:113
BRDA:17,0,0,4
BRDA:17,0,1,1
BRDA:17,1,0,5
BRDA:17,1,1,4
BRDA:28,2,0,1
BRDA:28,2,1,4
BRDA:29,3,0,1
BRDA:29,3,1,3
BRDA:32,4,0,0
BRDA:32,4,1,3
BRDA:35,5,0,1
BRDA:35,5,1,1
BRDA:41,6,0,1
BRDA:41,6,1,3
BRDA:45,7,0,1
BRDA:45,7,1,2
BRDA:49,8,0,1
BRDA:49,8,1,1
BRDA:115,9,0,1
BRDA:115,9,1,1
BRDA:130,10,0,1
BRDA:130,10,1,1
BRDA:224,11,0,1
BRDA:224,11,1,1
BRDA:234,12,0,0
BRDA:234,12,1,1
BRF:26
BRH:24
end_of_record
TN:
SF:helpers\bcrypt.js
FN:3,(anonymous_0)
FN:7,(anonymous_1)
FNF:2
FNH:2
FNDA:8,(anonymous_0)
FNDA:5,(anonymous_1)
DA:1,2
DA:3,2
DA:4,8
DA:7,2
DA:8,5
DA:11,2
LF:6
LH:6
BRF:0
BRH:0
end_of_record
TN:
SF:helpers\jwt.js
FN:4,(anonymous_0)
FN:8,(anonymous_1)
FNF:2
FNH:2
FNDA:4,(anonymous_0)
FNDA:20,(anonymous_1)
DA:1,2
DA:2,2
DA:4,2
DA:5,4
DA:8,2
DA:9,20
DA:12,2
LF:7
LH:7
BRF:0
BRH:0
end_of_record
TN:
SF:middlewares\authentication.js
FN:4,(anonymous_0)
FNF:1
FNH:1
FNDA:20,(anonymous_0)
DA:1,2
DA:2,2
DA:4,2
DA:5,20
DA:6,20
DA:7,20
DA:9,20
DA:11,19
DA:13,19
DA:14,0
DA:17,19
DA:22,19
DA:24,1
DA:25,1
DA:26,1
DA:29,0
DA:33,2
LF:17
LH:15
BRDA:7,0,0,0
BRDA:7,0,1,20
BRDA:13,1,0,0
BRDA:13,1,1,19
BRDA:24,2,0,1
BRDA:24,2,1,0
BRDA:24,3,0,1
BRDA:24,3,1,1
BRF:8
BRH:5
end_of_record
TN:
SF:models\category.js
FN:3,(anonymous_0)
FN:10,(anonymous_1)
FNF:2
FNH:2
FNDA:2,(anonymous_0)
FNDA:2,(anonymous_1)
DA:2,2
DA:3,2
DA:11,2
DA:14,2
DA:24,2
LF:5
LH:5
BRF:0
BRH:0
end_of_record
TN:
SF:models\detail.js
FN:3,(anonymous_0)
FN:10,(anonymous_1)
FNF:2
FNH:2
FNDA:2,(anonymous_0)
FNDA:2,(anonymous_1)
DA:2,2
DA:3,2
DA:12,2
DA:13,2
DA:16,2
DA:29,2
LF:6
LH:6
BRF:0
BRH:0
end_of_record
TN:
SF:models\device.js
FN:3,(anonymous_0)
FN:10,(anonymous_1)
FNF:2
FNH:2
FNDA:2,(anonymous_0)
FNDA:2,(anonymous_1)
DA:2,2
DA:3,2
DA:11,2
DA:12,2
DA:13,2
DA:16,2
DA:33,2
LF:7
LH:7
BRF:0
BRH:0
end_of_record
TN:
SF:models\index.js
FN:21,(anonymous_0)
FN:24,(anonymous_1)
FN:29,(anonymous_2)
FNF:3
FNH:3
FNDA:12,(anonymous_0)
FNDA:10,(anonymous_1)
FNDA:10,(anonymous_2)
DA:3,2
DA:4,2
DA:5,2
DA:6,2
DA:7,2
DA:8,2
DA:9,2
DA:10,2
DA:13,2
DA:14,0
DA:16,2
DA:19,2
DA:22,12
DA:25,10
DA:26,10
DA:29,2
DA:30,10
DA:31,10
DA:35,2
DA:36,2
DA:38,2
LF:21
LH:20
BRDA:8,0,0,2
BRDA:8,0,1,0
BRDA:13,1,0,0
BRDA:13,1,1,2
BRDA:22,2,0,12
BRDA:22,2,1,12
BRDA:22,2,2,10
BRDA:30,3,0,10
BRDA:30,3,1,0
BRF:9
BRH:6
end_of_record
TN:
SF:models\transaction.js
FN:3,(anonymous_0)
FN:10,(anonymous_1)
FNF:2
FNH:2
FNDA:2,(anonymous_0)
FNDA:2,(anonymous_1)
DA:2,2
DA:3,2
DA:12,2
DA:15,2
DA:27,2
LF:5
LH:5
BRF:0
BRH:0
end_of_record
TN:
SF:models\user.js
FN:4,(anonymous_0)
FN:11,(anonymous_1)
FN:51,(anonymous_2)
FNF:3
FNH:3
FNDA:2,(anonymous_0)
FNDA:2,(anonymous_1)
FNDA:8,(anonymous_2)
DA:2,2
DA:3,2
DA:4,2
DA:12,2
DA:15,2
DA:51,2
DA:52,8
DA:55,2
LF:8
LH:8
BRF:0
BRH:0
end_of_record
TN:
SF:routes\admin.js
FNF:0
FNH:0
DA:1,2
DA:2,2
DA:3,2
DA:4,2
DA:6,2
DA:7,2
DA:8,2
DA:9,2
DA:10,2
DA:11,2
DA:13,2
LF:11
LH:11
BRF:0
BRH:0
end_of_record
TN:
SF:routes\customer.js
FNF:0
FNH:0
DA:1,2
DA:2,2
DA:3,2
DA:4,2
DA:6,2
DA:7,2
DA:8,2
DA:9,2
DA:10,2
DA:11,2
DA:12,2
DA:13,2
DA:14,2
DA:15,2
DA:18,2
DA:20,2
DA:23,2
DA:25,2
LF:18
LH:18
BRF:0
BRH:0
end_of_record
TN:
SF:routes\index.js
FNF:0
FNH:0
DA:1,2
DA:2,2
DA:3,2
DA:4,2
DA:6,2
DA:7,2
DA:9,2
LF:7
LH:7
BRF:0
BRH:0
end_of_record
