{"C:\\Users\\ruend\\Desktop\\hacktiv8\\final-project\\Backend\\app.js": {"path":"C:\\Users\\ruend\\Desktop\\hacktiv8\\final-project\\Backend\\app.js","statementMap":{"0":{"start":{"line":1,"column":16},"end":{"line":1,"column":34}},"1":{"start":{"line":2,"column":13},"end":{"line":2,"column":28}},"2":{"start":{"line":3,"column":25},"end":{"line":3,"column":40}},"3":{"start":{"line":4,"column":15},"end":{"line":4,"column":34}},"4":{"start":{"line":5,"column":23},"end":{"line":5,"column":55}},"5":{"start":{"line":6,"column":12},"end":{"line":6,"column":21}},"6":{"start":{"line":7,"column":13},"end":{"line":7,"column":37}},"7":{"start":{"line":8,"column":17},"end":{"line":8,"column":37}},"8":{"start":{"line":10,"column":0},"end":{"line":10,"column":45}},"9":{"start":{"line":11,"column":0},"end":{"line":11,"column":23}},"10":{"start":{"line":12,"column":0},"end":{"line":12,"column":15}},"11":{"start":{"line":14,"column":0},"end":{"line":14,"column":16}},"12":{"start":{"line":20,"column":0},"end":{"line":20,"column":21}}},"fnMap":{},"branchMap":{"0":{"loc":{"start":{"line":7,"column":13},"end":{"line":7,"column":37}},"type":"binary-expr","locations":[{"start":{"line":7,"column":13},"end":{"line":7,"column":29}},{"start":{"line":7,"column":33},"end":{"line":7,"column":37}}],"line":7}},"s":{"0":1,"1":1,"2":1,"3":1,"4":1,"5":1,"6":1,"7":1,"8":1,"9":1,"10":1,"11":1,"12":1},"f":{},"b":{"0":[1,1]},"_coverageSchema":"1a1c01bbd47fc00a2c39e90264f33305004495a9","hash":"8ba8349cb7686e5f151c38410967cda23099e73f"}
,"C:\\Users\\ruend\\Desktop\\hacktiv8\\final-project\\Backend\\controllers\\index.js": {"path":"C:\\Users\\ruend\\Desktop\\hacktiv8\\final-project\\Backend\\controllers\\index.js","statementMap":{"0":{"start":{"line":1,"column":15},"end":{"line":1,"column":42}},"1":{"start":{"line":4,"column":32},"end":{"line":19,"column":6}},"2":{"start":{"line":5,"column":26},"end":{"line":5,"column":36}},"3":{"start":{"line":6,"column":8},"end":{"line":18,"column":9}},"4":{"start":{"line":8,"column":12},"end":{"line":8,"column":73}},"5":{"start":{"line":9,"column":12},"end":{"line":9,"column":85}},"6":{"start":{"line":9,"column":24},"end":{"line":9,"column":85}},"7":{"start":{"line":11,"column":12},"end":{"line":11,"column":48}},"8":{"start":{"line":11,"column":24},"end":{"line":11,"column":48}},"9":{"start":{"line":13,"column":12},"end":{"line":13,"column":41}},"10":{"start":{"line":16,"column":12},"end":{"line":17,"column":72}},"11":{"start":{"line":16,"column":43},"end":{"line":16,"column":85}},"12":{"start":{"line":17,"column":17},"end":{"line":17,"column":72}},"13":{"start":{"line":21,"column":26},"end":{"line":40,"column":6}},"14":{"start":{"line":22,"column":34},"end":{"line":22,"column":42}},"15":{"start":{"line":23,"column":8},"end":{"line":39,"column":9}},"16":{"start":{"line":24,"column":27},"end":{"line":24,"column":49}},"17":{"start":{"line":26,"column":12},"end":{"line":26,"column":73}},"18":{"start":{"line":27,"column":12},"end":{"line":27,"column":85}},"19":{"start":{"line":27,"column":24},"end":{"line":27,"column":85}},"20":{"start":{"line":29,"column":12},"end":{"line":34,"column":13}},"21":{"start":{"line":30,"column":16},"end":{"line":30,"column":92}},"22":{"start":{"line":32,"column":16},"end":{"line":32,"column":43}},"23":{"start":{"line":33,"column":30},"end":{"line":33,"column":49}},"24":{"start":{"line":35,"column":12},"end":{"line":35,"column":40}},"25":{"start":{"line":37,"column":12},"end":{"line":38,"column":72}},"26":{"start":{"line":37,"column":49},"end":{"line":37,"column":99}},"27":{"start":{"line":38,"column":17},"end":{"line":38,"column":72}},"28":{"start":{"line":42,"column":40},"end":{"line":53,"column":6}},"29":{"start":{"line":43,"column":21},"end":{"line":43,"column":38}},"30":{"start":{"line":44,"column":8},"end":{"line":52,"column":9}},"31":{"start":{"line":46,"column":12},"end":{"line":46,"column":59}},"32":{"start":{"line":47,"column":12},"end":{"line":47,"column":75}},"33":{"start":{"line":47,"column":51},"end":{"line":47,"column":75}},"34":{"start":{"line":48,"column":12},"end":{"line":48,"column":43}},"35":{"start":{"line":50,"column":12},"end":{"line":51,"column":72}},"36":{"start":{"line":50,"column":43},"end":{"line":50,"column":85}},"37":{"start":{"line":51,"column":17},"end":{"line":51,"column":72}},"38":{"start":{"line":56,"column":0},"end":{"line":56,"column":28}}},"fnMap":{"0":{"name":"(anonymous_0)","decl":{"start":{"line":4,"column":32},"end":{"line":4,"column":33}},"loc":{"start":{"line":4,"column":50},"end":{"line":19,"column":6}},"line":4},"1":{"name":"(anonymous_1)","decl":{"start":{"line":21,"column":26},"end":{"line":21,"column":27}},"loc":{"start":{"line":21,"column":44},"end":{"line":40,"column":6}},"line":21},"2":{"name":"(anonymous_2)","decl":{"start":{"line":42,"column":40},"end":{"line":42,"column":41}},"loc":{"start":{"line":42,"column":58},"end":{"line":53,"column":6}},"line":42}},"branchMap":{"0":{"loc":{"start":{"line":9,"column":12},"end":{"line":9,"column":85}},"type":"if","locations":[{"start":{"line":9,"column":12},"end":{"line":9,"column":85}},{"start":{},"end":{}}],"line":9},"1":{"loc":{"start":{"line":11,"column":12},"end":{"line":11,"column":48}},"type":"if","locations":[{"start":{"line":11,"column":12},"end":{"line":11,"column":48}},{"start":{},"end":{}}],"line":11},"2":{"loc":{"start":{"line":16,"column":12},"end":{"line":17,"column":72}},"type":"if","locations":[{"start":{"line":16,"column":12},"end":{"line":17,"column":72}},{"start":{"line":17,"column":17},"end":{"line":17,"column":72}}],"line":16},"3":{"loc":{"start":{"line":27,"column":12},"end":{"line":27,"column":85}},"type":"if","locations":[{"start":{"line":27,"column":12},"end":{"line":27,"column":85}},{"start":{},"end":{}}],"line":27},"4":{"loc":{"start":{"line":29,"column":12},"end":{"line":34,"column":13}},"type":"if","locations":[{"start":{"line":29,"column":12},"end":{"line":34,"column":13}},{"start":{"line":31,"column":19},"end":{"line":34,"column":13}}],"line":29},"5":{"loc":{"start":{"line":37,"column":12},"end":{"line":38,"column":72}},"type":"if","locations":[{"start":{"line":37,"column":12},"end":{"line":38,"column":72}},{"start":{"line":38,"column":17},"end":{"line":38,"column":72}}],"line":37},"6":{"loc":{"start":{"line":47,"column":12},"end":{"line":47,"column":75}},"type":"if","locations":[{"start":{"line":47,"column":12},"end":{"line":47,"column":75}},{"start":{},"end":{}}],"line":47},"7":{"loc":{"start":{"line":47,"column":15},"end":{"line":47,"column":49}},"type":"binary-expr","locations":[{"start":{"line":47,"column":15},"end":{"line":47,"column":24}},{"start":{"line":47,"column":28},"end":{"line":47,"column":49}}],"line":47},"8":{"loc":{"start":{"line":50,"column":12},"end":{"line":51,"column":72}},"type":"if","locations":[{"start":{"line":50,"column":12},"end":{"line":51,"column":72}},{"start":{"line":51,"column":17},"end":{"line":51,"column":72}}],"line":50}},"s":{"0":1,"1":1,"2":2,"3":2,"4":2,"5":2,"6":1,"7":2,"8":1,"9":1,"10":1,"11":1,"12":0,"13":1,"14":0,"15":0,"16":0,"17":0,"18":0,"19":0,"20":0,"21":0,"22":0,"23":0,"24":0,"25":0,"26":0,"27":0,"28":1,"29":2,"30":2,"31":2,"32":2,"33":1,"34":1,"35":1,"36":1,"37":0,"38":1},"f":{"0":2,"1":0,"2":2},"b":{"0":[1,1],"1":[1,1],"2":[1,0],"3":[0,0],"4":[0,0],"5":[0,0],"6":[1,1],"7":[2,2],"8":[1,0]},"_coverageSchema":"1a1c01bbd47fc00a2c39e90264f33305004495a9","hash":"438d850088e8621406787028329424d0d7653999"}
,"C:\\Users\\ruend\\Desktop\\hacktiv8\\final-project\\Backend\\midlewares\\socketio.js": {"path":"C:\\Users\\ruend\\Desktop\\hacktiv8\\final-project\\Backend\\midlewares\\socketio.js","statementMap":{"0":{"start":{"line":1,"column":19},"end":{"line":1,"column":39}},"1":{"start":{"line":5,"column":14},"end":{"line":5,"column":16}},"2":{"start":{"line":8,"column":4},"end":{"line":12,"column":6}},"3":{"start":{"line":14,"column":4},"end":{"line":31,"column":6}},"4":{"start":{"line":15,"column":8},"end":{"line":18,"column":10}},"5":{"start":{"line":17,"column":12},"end":{"line":17,"column":30}},"6":{"start":{"line":19,"column":8},"end":{"line":23,"column":10}},"7":{"start":{"line":22,"column":12},"end":{"line":22,"column":56}},"8":{"start":{"line":24,"column":8},"end":{"line":24,"column":34}},"9":{"start":{"line":28,"column":8},"end":{"line":30,"column":10}},"10":{"start":{"line":29,"column":12},"end":{"line":29,"column":38}},"11":{"start":{"line":35,"column":4},"end":{"line":35,"column":14}},"12":{"start":{"line":38,"column":0},"end":{"line":38,"column":38}}},"fnMap":{"0":{"name":"connIOServer","decl":{"start":{"line":7,"column":9},"end":{"line":7,"column":21}},"loc":{"start":{"line":7,"column":30},"end":{"line":32,"column":1}},"line":7},"1":{"name":"(anonymous_1)","decl":{"start":{"line":14,"column":24},"end":{"line":14,"column":25}},"loc":{"start":{"line":14,"column":36},"end":{"line":31,"column":5}},"line":14},"2":{"name":"(anonymous_2)","decl":{"start":{"line":15,"column":31},"end":{"line":15,"column":32}},"loc":{"start":{"line":15,"column":41},"end":{"line":18,"column":9}},"line":15},"3":{"name":"(anonymous_3)","decl":{"start":{"line":19,"column":30},"end":{"line":19,"column":31}},"loc":{"start":{"line":19,"column":40},"end":{"line":23,"column":9}},"line":19},"4":{"name":"(anonymous_4)","decl":{"start":{"line":28,"column":32},"end":{"line":28,"column":33}},"loc":{"start":{"line":28,"column":38},"end":{"line":30,"column":9}},"line":28},"5":{"name":"getIO","decl":{"start":{"line":34,"column":9},"end":{"line":34,"column":14}},"loc":{"start":{"line":34,"column":16},"end":{"line":36,"column":1}},"line":34}},"branchMap":{},"s":{"0":1,"1":1,"2":0,"3":0,"4":0,"5":0,"6":0,"7":0,"8":0,"9":0,"10":0,"11":0,"12":1},"f":{"0":0,"1":0,"2":0,"3":0,"4":0,"5":0},"b":{},"_coverageSchema":"1a1c01bbd47fc00a2c39e90264f33305004495a9","hash":"4d06ea2fab7294d6ef5e3b4a6e509e2f533b07aa"}
,"C:\\Users\\ruend\\Desktop\\hacktiv8\\final-project\\Backend\\models\\Chat.js": {"path":"C:\\Users\\ruend\\Desktop\\hacktiv8\\final-project\\Backend\\models\\Chat.js","statementMap":{"0":{"start":{"line":2,"column":0},"end":{"line":24,"column":2}},"1":{"start":{"line":3,"column":20},"end":{"line":21,"column":4}},"2":{"start":{"line":22,"column":15},"end":{"line":22,"column":48}},"3":{"start":{"line":23,"column":2},"end":{"line":23,"column":14}}},"fnMap":{"0":{"name":"(anonymous_0)","decl":{"start":{"line":2,"column":17},"end":{"line":2,"column":18}},"loc":{"start":{"line":2,"column":29},"end":{"line":24,"column":1}},"line":2}},"branchMap":{},"s":{"0":1,"1":1,"2":1,"3":1},"f":{"0":1},"b":{},"_coverageSchema":"1a1c01bbd47fc00a2c39e90264f33305004495a9","hash":"036773f52f0a5f3aac54a16b1b20841112e3cb5b"}
,"C:\\Users\\ruend\\Desktop\\hacktiv8\\final-project\\Backend\\models\\index.js": {"path":"C:\\Users\\ruend\\Desktop\\hacktiv8\\final-project\\Backend\\models\\index.js","statementMap":{"0":{"start":{"line":1,"column":11},"end":{"line":1,"column":24}},"1":{"start":{"line":2,"column":13},"end":{"line":2,"column":28}},"2":{"start":{"line":3,"column":17},"end":{"line":3,"column":36}},"3":{"start":{"line":4,"column":17},"end":{"line":4,"column":42}},"4":{"start":{"line":5,"column":12},"end":{"line":5,"column":49}},"5":{"start":{"line":6,"column":15},"end":{"line":6,"column":65}},"6":{"start":{"line":8,"column":0},"end":{"line":14,"column":1}},"7":{"start":{"line":9,"column":2},"end":{"line":9,"column":65}},"8":{"start":{"line":10,"column":7},"end":{"line":14,"column":1}},"9":{"start":{"line":11,"column":2},"end":{"line":11,"column":181}},"10":{"start":{"line":13,"column":2},"end":{"line":13,"column":205}},"11":{"start":{"line":16,"column":11},"end":{"line":30,"column":1}},"12":{"start":{"line":17,"column":12},"end":{"line":17,"column":14}},"13":{"start":{"line":19,"column":2},"end":{"line":27,"column":7}},"14":{"start":{"line":22,"column":6},"end":{"line":22,"column":92}},"15":{"start":{"line":25,"column":20},"end":{"line":25,"column":68}},"16":{"start":{"line":26,"column":6},"end":{"line":26,"column":33}},"17":{"start":{"line":29,"column":2},"end":{"line":29,"column":11}},"18":{"start":{"line":33,"column":15},"end":{"line":33,"column":19}},"19":{"start":{"line":34,"column":17},"end":{"line":34,"column":25}},"20":{"start":{"line":36,"column":0},"end":{"line":36,"column":26}},"21":{"start":{"line":37,"column":0},"end":{"line":37,"column":32}}},"fnMap":{"0":{"name":"(anonymous_0)","decl":{"start":{"line":16,"column":11},"end":{"line":16,"column":12}},"loc":{"start":{"line":16,"column":17},"end":{"line":30,"column":1}},"line":16},"1":{"name":"(anonymous_1)","decl":{"start":{"line":21,"column":12},"end":{"line":21,"column":13}},"loc":{"start":{"line":21,"column":20},"end":{"line":23,"column":5}},"line":21},"2":{"name":"(anonymous_2)","decl":{"start":{"line":24,"column":13},"end":{"line":24,"column":14}},"loc":{"start":{"line":24,"column":21},"end":{"line":27,"column":5}},"line":24}},"branchMap":{"0":{"loc":{"start":{"line":5,"column":12},"end":{"line":5,"column":49}},"type":"binary-expr","locations":[{"start":{"line":5,"column":12},"end":{"line":5,"column":32}},{"start":{"line":5,"column":36},"end":{"line":5,"column":49}}],"line":5},"1":{"loc":{"start":{"line":8,"column":0},"end":{"line":14,"column":1}},"type":"if","locations":[{"start":{"line":8,"column":0},"end":{"line":14,"column":1}},{"start":{"line":10,"column":7},"end":{"line":14,"column":1}}],"line":8},"2":{"loc":{"start":{"line":10,"column":7},"end":{"line":14,"column":1}},"type":"if","locations":[{"start":{"line":10,"column":7},"end":{"line":14,"column":1}},{"start":{"line":12,"column":7},"end":{"line":14,"column":1}}],"line":10},"3":{"loc":{"start":{"line":22,"column":13},"end":{"line":22,"column":91}},"type":"binary-expr","locations":[{"start":{"line":22,"column":14},"end":{"line":22,"column":37}},{"start":{"line":22,"column":43},"end":{"line":22,"column":60}},{"start":{"line":22,"column":66},"end":{"line":22,"column":90}}],"line":22}},"s":{"0":1,"1":1,"2":1,"3":1,"4":1,"5":1,"6":1,"7":1,"8":0,"9":0,"10":0,"11":1,"12":1,"13":1,"14":2,"15":1,"16":1,"17":1,"18":1,"19":1,"20":1,"21":1},"f":{"0":1,"1":2,"2":1},"b":{"0":[1,0],"1":[1,0],"2":[0,0],"3":[2,2,1]},"_coverageSchema":"1a1c01bbd47fc00a2c39e90264f33305004495a9","hash":"37216d68f2cf36b82eb256bfe810e52e3bbdecfd"}
,"C:\\Users\\ruend\\Desktop\\hacktiv8\\final-project\\Backend\\routes\\index.js": {"path":"C:\\Users\\ruend\\Desktop\\hacktiv8\\final-project\\Backend\\routes\\index.js","statementMap":{"0":{"start":{"line":1,"column":16},"end":{"line":1,"column":34}},"1":{"start":{"line":2,"column":18},"end":{"line":2,"column":51}},"2":{"start":{"line":3,"column":15},"end":{"line":3,"column":31}},"3":{"start":{"line":4,"column":14},"end":{"line":4,"column":41}},"4":{"start":{"line":5,"column":19},"end":{"line":5,"column":50}},"5":{"start":{"line":7,"column":0},"end":{"line":7,"column":48}},"6":{"start":{"line":8,"column":0},"end":{"line":8,"column":68}},"7":{"start":{"line":9,"column":0},"end":{"line":9,"column":63}},"8":{"start":{"line":12,"column":0},"end":{"line":12,"column":23}}},"fnMap":{},"branchMap":{},"s":{"0":1,"1":1,"2":1,"3":1,"4":1,"5":1,"6":1,"7":1,"8":1},"f":{},"b":{},"_coverageSchema":"1a1c01bbd47fc00a2c39e90264f33305004495a9","hash":"c85853afd1a4ec5f662813b499c79fdd3cceb696"}
}
